<?xml version="1.0" encoding="UTF-8"?>
<!-- Generated by org.testng.reporters.JUnitReportReporter -->
<testsuite hostname="LAPTOP-1LQPMAFO" failures="0" tests="5" name="com.orangehrm.tests.DashboardTests" time="120.565" errors="0" timestamp="2025-10-08T01:36:25 IST" skipped="1">
  <testcase classname="com.orangehrm.tests.DashboardTests" name="verifyDashboardElementsAfterLogin" time="21.454"/>
  <testcase classname="com.orangehrm.tests.DashboardTests" name="verifyQuickLaunchWidgets" time="19.082"/>
  <testcase classname="com.orangehrm.tests.DashboardTests" name="verifyEmployeeDistributionChart" time="20.547"/>
  <testcase classname="com.orangehrm.tests.DashboardTests" name="verifyPendingLeaveRequests" time="40.546">
    <skipped/>
  </testcase> <!-- verifyPendingLeaveRequests -->
  <testcase classname="com.orangehrm.tests.DashboardTests" name="verifyDashboardCustomization" time="18.936"/>
</testsuite> <!-- com.orangehrm.tests.DashboardTests -->
