<?xml version="1.0" encoding="UTF-8"?>
<!-- Generated by org.testng.reporters.JUnitReportReporter -->
<testsuite hostname="LAPTOP-1LQPMAFO" failures="0" tests="5" name="com.orangehrm.tests.LoginTests" time="89.329" errors="0" timestamp="2025-10-08T01:32:55 IST" skipped="0">
  <testcase classname="com.orangehrm.tests.LoginTests" name="testValidLogin" time="29.577"/>
  <testcase classname="com.orangehrm.tests.LoginTests" name="testInvalidUsername" time="9.755"/>
  <testcase classname="com.orangehrm.tests.LoginTests" name="testInvalidPassword" time="10.549"/>
  <testcase classname="com.orangehrm.tests.LoginTests" name="testEmptyCredentials" time="7.964"/>
  <testcase classname="com.orangehrm.tests.LoginTests" name="testLogoutFunctionality" time="31.484"/>
</testsuite> <!-- com.orangehrm.tests.LoginTests -->
