<?xml version="1.0" encoding="UTF-8"?>
<!-- Generated by org.testng.reporters.JUnitReportReporter -->
<testsuite hostname="LAPTOP-1LQPMAFO" failures="0" tests="5" name="com.orangehrm.tests.DashboardTests" time="20.937" errors="0" timestamp="2025-10-09T02:26:58 IST" skipped="1">
  <testcase classname="com.orangehrm.tests.DashboardTests" name="verifyDashboardElementsAfterLogin" time="0.114"/>
  <testcase classname="com.orangehrm.tests.DashboardTests" name="verifyQuickLaunchWidgets" time="0.149"/>
  <testcase classname="com.orangehrm.tests.DashboardTests" name="verifyEmployeeDistributionChart" time="0.036"/>
  <testcase classname="com.orangehrm.tests.DashboardTests" name="verifyPendingLeaveRequests" time="20.553">
    <skipped/>
  </testcase> <!-- verifyPendingLeaveRequests -->
  <testcase classname="com.orangehrm.tests.DashboardTests" name="verifyDashboardCustomization" time="0.085"/>
</testsuite> <!-- com.orangehrm.tests.DashboardTests -->
