<?xml version="1.0" encoding="UTF-8"?>
<!-- Generated by org.testng.reporters.JUnitReportReporter -->
<testsuite hostname="LAPTOP-1LQPMAFO" failures="0" tests="5" name="com.orangehrm.tests.PIMTests" time="83.811" errors="0" timestamp="2025-10-13T03:56:14 IST" skipped="0">
  <testcase classname="com.orangehrm.tests.PIMTests" name="testAddEmployee" time="19.299"/>
  <testcase classname="com.orangehrm.tests.PIMTests" name="testEmployeeListView" time="7.049"/>
  <testcase classname="com.orangehrm.tests.PIMTests" name="testEmployeeSearchFunctionality" time="15.321"/>
  <testcase classname="com.orangehrm.tests.PIMTests" name="testEmployeePersonalDetails" time="18.966"/>
  <testcase classname="com.orangehrm.tests.PIMTests" name="testEmployeeJobDetails" time="23.176"/>
</testsuite> <!-- com.orangehrm.tests.PIMTests -->
