<?xml version="1.0" encoding="UTF-8"?>
<!-- Generated by org.testng.reporters.JUnitReportReporter -->
<testsuite hostname="LAPTOP-1LQPMAFO" failures="0" tests="5" name="com.orangehrm.tests.DashboardTests" time="21.123" errors="0" timestamp="2025-10-13T03:50:09 IST" skipped="1">
  <testcase classname="com.orangehrm.tests.DashboardTests" name="verifyDashboardElementsAfterLogin" time="0.238"/>
  <testcase classname="com.orangehrm.tests.DashboardTests" name="verifyQuickLaunchWidgets" time="0.352"/>
  <testcase classname="com.orangehrm.tests.DashboardTests" name="verifyEmployeeDistributionChart" time="0.085"/>
  <testcase classname="com.orangehrm.tests.DashboardTests" name="verifyPendingLeaveRequests" time="20.333">
    <skipped/>
  </testcase> <!-- verifyPendingLeaveRequests -->
  <testcase classname="com.orangehrm.tests.DashboardTests" name="verifyDashboardCustomization" time="0.115"/>
</testsuite> <!-- com.orangehrm.tests.DashboardTests -->
