<?xml version="1.0" encoding="UTF-8"?>
<!-- Generated by org.testng.reporters.JUnitReportReporter -->
<testsuite hostname="LAPTOP-1LQPMAFO" failures="0" tests="5" name="com.orangehrm.tests.AdminTests" time="183.710" errors="0" timestamp="2025-10-09T02:32:08 IST" skipped="0">
  <testcase classname="com.orangehrm.tests.AdminTests" name="verifyUserManagementFunctionality" time="38.353"/>
  <testcase classname="com.orangehrm.tests.AdminTests" name="verifyJobTitlesManagement" time="47.913"/>
  <testcase classname="com.orangehrm.tests.AdminTests" name="verifyPayGradesManagement" time="38.954"/>
  <testcase classname="com.orangehrm.tests.AdminTests" name="verifyEmploymentStatusManagement" time="47.891"/>
  <testcase classname="com.orangehrm.tests.AdminTests" name="verifyOrganizationStructure" time="10.599"/>
</testsuite> <!-- com.orangehrm.tests.AdminTests -->
