<?xml version="1.0" encoding="UTF-8"?>
<!-- Generated by org.testng.reporters.JUnitReportReporter -->
<testsuite hostname="LAPTOP-1LQPMAFO" failures="0" tests="5" name="com.orangehrm.tests.LoginTests" time="57.605" errors="0" timestamp="2025-10-13T03:44:39 IST" skipped="0">
  <testcase classname="com.orangehrm.tests.LoginTests" name="testValidLogin" time="11.287"/>
  <testcase classname="com.orangehrm.tests.LoginTests" name="testInvalidUsername" time="9.801"/>
  <testcase classname="com.orangehrm.tests.LoginTests" name="testInvalidPassword" time="13.682"/>
  <testcase classname="com.orangehrm.tests.LoginTests" name="testEmptyCredentials" time="11.081"/>
  <testcase classname="com.orangehrm.tests.LoginTests" name="testLogoutFunctionality" time="11.754"/>
</testsuite> <!-- com.orangehrm.tests.LoginTests -->
