<?xml version="1.0" encoding="UTF-8"?>
<!-- Generated by org.testng.reporters.JUnitReportReporter -->
<testsuite hostname="LAPTOP-1LQPMAFO" failures="0" tests="3" name="com.orangehrm.tests.LeaveTests" time="65.582" errors="0" timestamp="2025-10-13T04:02:55 IST" skipped="0">
  <testcase classname="com.orangehrm.tests.LeaveTests" name="testApplyLeave" time="13.335"/>
  <testcase classname="com.orangehrm.tests.LeaveTests" name="testAssignLeave" time="27.277"/>
  <testcase classname="com.orangehrm.tests.LeaveTests" name="testMyLeave" time="24.970"/>
</testsuite> <!-- com.orangehrm.tests.LeaveTests -->
