<?xml version="1.0" encoding="UTF-8"?>
<!-- Generated by org.testng.reporters.JUnitReportReporter -->
<testsuite hostname="LAPTOP-1LQPMAFO" failures="0" tests="3" name="com.orangehrm.tests.PIMTests" time="85.779" errors="0" timestamp="2025-10-08T01:53:12 IST" skipped="0">
  <testcase classname="com.orangehrm.tests.PIMTests" name="testAddEmployee" time="36.262"/>
  <testcase classname="com.orangehrm.tests.PIMTests" name="testEmployeeListView" time="24.495"/>
  <testcase classname="com.orangehrm.tests.PIMTests" name="testEmployeeSearchFunctionality" time="25.022"/>
</testsuite> <!-- com.orangehrm.tests.PIMTests -->
