<?xml version="1.0" encoding="UTF-8"?>
<!-- Generated by org.testng.reporters.JUnitReportReporter -->
<testsuite hostname="LAPTOP-1LQPMAFO" failures="0" tests="5" name="com.orangehrm.tests.LoginTests" time="90.260" errors="0" timestamp="2025-10-09T02:25:47 IST" skipped="0">
  <testcase classname="com.orangehrm.tests.LoginTests" name="testValidLogin" time="32.849"/>
  <testcase classname="com.orangehrm.tests.LoginTests" name="testInvalidUsername" time="9.612"/>
  <testcase classname="com.orangehrm.tests.LoginTests" name="testInvalidPassword" time="9.327"/>
  <testcase classname="com.orangehrm.tests.LoginTests" name="testEmptyCredentials" time="6.911"/>
  <testcase classname="com.orangehrm.tests.LoginTests" name="testLogoutFunctionality" time="31.561"/>
</testsuite> <!-- com.orangehrm.tests.LoginTests -->
